2026-05-03 17:21:10,911 - model_training - ERROR - An error occurred in the main train and testing model: could not convert string to float: 'Iris-virginica'
2026-05-03 17:23:13,008 - model_training - INFO - RandomForestClassifier: 0.9667
2026-05-03 17:23:13,008 - model_training - DEBUG - test_prediction is sufficiently accurate:
2026-05-03 17:23:13,097 - model_training - INFO - LogisticRegression: 0.9667
2026-05-03 17:23:13,098 - model_training - DEBUG - test_prediction is sufficiently accurate:
2026-05-03 17:23:13,102 - model_training - INFO - DecisionTreeClassifier: 0.9333
2026-05-03 17:23:13,103 - model_training - DEBUG - test_prediction is sufficiently accurate:
2026-05-03 17:23:13,111 - model_training - INFO - SVC: 0.9667
2026-05-03 17:23:13,111 - model_training - DEBUG - test_prediction is sufficiently accurate:
2026-05-03 17:23:13,173 - model_training - INFO - Model saved: ./models/model.pkl
2026-05-03 17:23:13,173 - model_training - INFO - Model training, evaluation and saving completed successfully.
2026-05-03 17:52:28,013 - model_training - INFO - RandomForestClassifier: 0.9667
2026-05-03 17:52:28,013 - model_training - DEBUG - test_prediction is sufficiently accurate:
2026-05-03 17:52:28,101 - model_training - INFO - LogisticRegression: 0.9667
2026-05-03 17:52:28,101 - model_training - DEBUG - test_prediction is sufficiently accurate:
2026-05-03 17:52:28,107 - model_training - INFO - DecisionTreeClassifier: 0.9333
2026-05-03 17:52:28,107 - model_training - DEBUG - test_prediction is sufficiently accurate:
2026-05-03 17:52:28,114 - model_training - INFO - SVC: 0.9667
2026-05-03 17:52:28,114 - model_training - DEBUG - test_prediction is sufficiently accurate:
2026-05-03 17:52:28,174 - model_training - INFO - Model saved: ./models/model.pkl
2026-05-03 17:52:28,175 - model_training - INFO - Model training, evaluation and saving completed successfully.
2026-05-03 17:54:08,039 - model_training - INFO - RandomForestClassifier: 0.9667
2026-05-03 17:54:08,040 - model_training - DEBUG - test_prediction is sufficiently accurate:
2026-05-03 17:54:08,195 - model_training - INFO - LogisticRegression: 0.9667
2026-05-03 17:54:08,195 - model_training - DEBUG - test_prediction is sufficiently accurate:
2026-05-03 17:54:08,202 - model_training - INFO - DecisionTreeClassifier: 0.9333
2026-05-03 17:54:08,202 - model_training - DEBUG - test_prediction is sufficiently accurate:
2026-05-03 17:54:08,213 - model_training - INFO - SVC: 0.9667
2026-05-03 17:54:08,213 - model_training - DEBUG - test_prediction is sufficiently accurate:
2026-05-03 17:54:08,284 - model_training - INFO - Model saved: ./models/model.pkl
2026-05-03 17:54:08,284 - model_training - INFO - Model training, evaluation and saving completed successfully.
2026-05-03 18:33:17,533 - model_training - INFO - RandomForestClassifier: 0.9667
2026-05-03 18:33:17,533 - model_training - DEBUG - test_prediction is sufficiently accurate:
2026-05-03 18:33:17,620 - model_training - INFO - LogisticRegression: 1.0000
2026-05-03 18:33:17,621 - model_training - DEBUG - test_prediction is sufficiently accurate:
2026-05-03 18:33:17,627 - model_training - INFO - DecisionTreeClassifier: 0.9333
2026-05-03 18:33:17,627 - model_training - DEBUG - test_prediction is sufficiently accurate:
2026-05-03 18:33:17,635 - model_training - INFO - SVC: 0.9667
2026-05-03 18:33:17,635 - model_training - DEBUG - test_prediction is sufficiently accurate:
2026-05-03 18:33:17,639 - model_training - INFO - Model saved: ./models/model.pkl
2026-05-03 18:33:17,639 - model_training - INFO - Model training, evaluation and saving completed successfully.
